0 info it worked if it ends with ok
1 verbose cli [ 'C:\\Program Files\\nodejs\\node.exe',
1 verbose cli   'C:\\Users\\Colsan\\AppData\\Roaming\\npm\\node_modules\\npm\\bin\\npm-cli.js',
1 verbose cli   'start' ]
2 info using npm@3.10.8
3 info using node@v6.3.0
4 verbose run-script [ 'prestart', 'start', 'poststart' ]
5 info lifecycle web1-gossip@0.0.1~prestart: web1-gossip@0.0.1
6 silly lifecycle web1-gossip@0.0.1~prestart: no script for prestart, continuing
7 info lifecycle web1-gossip@0.0.1~start: web1-gossip@0.0.1
8 verbose lifecycle web1-gossip@0.0.1~start: unsafe-perm in lifecycle true
9 verbose lifecycle web1-gossip@0.0.1~start: PATH: C:\Users\Colsan\AppData\Roaming\npm\node_modules\npm\bin\node-gyp-bin;C:\Users\Colsan\Documents\Things\16C\Web-I\Gossip\web1-gossip\node_modules\.bin;C:\ProgramData\Oracle\Java\javapath;C:\PROGRAM FILES (X86)\INTEL\ICLS CLIENT\;C:\PROGRAM FILES\INTEL\ICLS CLIENT\;C:\PROGRAM FILES (X86)\AMD APP\BIN\X86_64;C:\PROGRAM FILES (X86)\AMD APP\BIN\X86;C:\WINDOWS\SYSTEM32;C:\WINDOWS;C:\WINDOWS\SYSTEM32\WBEM;C:\WINDOWS\SYSTEM32\WINDOWSPOWERSHELL\V1.0\;C:\PROGRAM FILES (X86)\ATI TECHNOLOGIES\ATI.ACE\CORE-STATIC;C:\PROGRAM FILES\INTEL\INTEL(R) MANAGEMENT ENGINE COMPONENTS\DAL;C:\PROGRAM FILES\INTEL\INTEL(R) MANAGEMENT ENGINE COMPONENTS\IPT;C:\PROGRAM FILES (X86)\INTEL\INTEL(R) MANAGEMENT ENGINE COMPONENTS\DAL;C:\PROGRAM FILES (X86)\INTEL\INTEL(R) MANAGEMENT ENGINE COMPONENTS\IPT;C:\PROGRAM FILES\SONY\VAIO IMPROVEMENT\;C:\PROGRAM FILES (X86)\SONY\VAIO STARTUP SETTING TOOL;C:\Program Files (x86)\Java\jre1.8.0_31\bin\;C:\WINDOWS\system32;C:\WINDOWS;C:\WINDOWS\System32\Wbem;C:\WINDOWS\System32\WindowsPowerShell\v1.0\;C:\WINDOWS\system32\config\systemprofile\.dnx\bin;C:\Program Files\Microsoft DNX\Dnvm\;C:\Program Files\Git\cmd;C:\Program Files\TortoiseSVN\bin;C:\Program Files\MongoDB\Server\3.2\bin;C:\HashiCorp\Vagrant\bin;C:\php\php-5.6.22-Win32-VC11-x64;C:\ProgramData\ComposerSetup\bin;C:\Program Files (x86)\Skype\Phone\;C:\Program Files\nodejs\;C:\Program Files (x86)\AMD\ATI.ACE\Core-Static;C:\Program Files\Java\jdk1.8.0_92\bin;C:\RailsInstaller\Ruby2.2.0\bin;C:\Users\Colsan\AppData\Local\Programs\Python\Python35-32\Scripts\;C:\Users\Colsan\AppData\Local\Programs\Python\Python35-32\;C:\Users\Colsan\AppData\Local\atom\bin;C:\Program Files\TortoiseSVN\bin;C:\Users\Colsan\AppData\Roaming\Composer\vendor\bin;C:\Users\Colsan\AppData\Roaming\npm
10 verbose lifecycle web1-gossip@0.0.1~start: CWD: C:\Users\Colsan\Documents\Things\16C\Web-I\Gossip\web1-gossip
11 silly lifecycle web1-gossip@0.0.1~start: Args: [ '/d /s /c', 'node ./bin/www' ]
12 silly lifecycle web1-gossip@0.0.1~start: Returned: code: 3221225786  signal: null
13 info lifecycle web1-gossip@0.0.1~start: Failed to exec start script
14 verbose stack Error: web1-gossip@0.0.1 start: `node ./bin/www`
14 verbose stack Exit status 3221225786
14 verbose stack     at EventEmitter.<anonymous> (C:\Users\Colsan\AppData\Roaming\npm\node_modules\npm\lib\utils\lifecycle.js:255:16)
14 verbose stack     at emitTwo (events.js:106:13)
14 verbose stack     at EventEmitter.emit (events.js:191:7)
14 verbose stack     at ChildProcess.<anonymous> (C:\Users\Colsan\AppData\Roaming\npm\node_modules\npm\lib\utils\spawn.js:40:14)
14 verbose stack     at emitTwo (events.js:106:13)
14 verbose stack     at ChildProcess.emit (events.js:191:7)
14 verbose stack     at maybeClose (internal/child_process.js:852:16)
14 verbose stack     at Process.ChildProcess._handle.onexit (internal/child_process.js:215:5)
15 verbose pkgid web1-gossip@0.0.1
16 verbose cwd C:\Users\Colsan\Documents\Things\16C\Web-I\Gossip\web1-gossip
17 error Windows_NT 6.3.9600
18 error argv "C:\\Program Files\\nodejs\\node.exe" "C:\\Users\\Colsan\\AppData\\Roaming\\npm\\node_modules\\npm\\bin\\npm-cli.js" "start"
19 error node v6.3.0
20 error npm  v3.10.8
21 error code ELIFECYCLE
22 error web1-gossip@0.0.1 start: `node ./bin/www`
22 error Exit status 3221225786
23 error Failed at the web1-gossip@0.0.1 start script 'node ./bin/www'.
23 error Make sure you have the latest version of node.js and npm installed.
23 error If you do, this is most likely a problem with the web1-gossip package,
23 error not with npm itself.
23 error Tell the author that this fails on your system:
23 error     node ./bin/www
23 error You can get information on how to open an issue for this project with:
23 error     npm bugs web1-gossip
23 error Or if that isn't available, you can get their info via:
23 error     npm owner ls web1-gossip
23 error There is likely additional logging output above.
24 verbose exit [ 1, true ]
